
 4970  cd
 4971  mkdir ca
 4972  cd ca
 4973  openssl genrsa -des3 -out myCA.key 2048\n
 4974  openssl req -x509 -new -nodes -key myCA.key -sha256 -days 1825 -out myCA.pem\n
 4975  touch zasupitts.common-name
 4976  ls
 4977  sudo security add-trusted-cert -d -r trustRoot -k "/Library/Keychains/System.keychain" myCA.pem\n
 4978  echo sudo security add-trusted-cert -d -r trustRoot -k "/Library/Keychains/System.keychain" myCA.pem\n > add-to-keychain.sh
 4979  cat > add-to-keychain.sh
 4980  cat > create-key.sh
 4981  rm create-key.sh
 4982  cat > create-cert.sh
 4983  cat > README
 4984  code .
 4985  wget https://gist.github.com/kacole2/95e83ac84fec950b1a70b0853d6594dc
 4986  curl https://gist.github.com/kacole2/95e83ac84fec950b1a70b0853d6594dc
 4987  vagrant destroy
 4988  vagrant up
 4989  vagrant ssh cluster3-harbor
 4990  ls
 4991  sh create-cert.sh cluster3-harbor.local
 4992  vi create-cert.sh
 4993  sh create-cert.sh cluster3-harbor.local
 4994  ls
 4995  mv ~/Downloads/harbor.sh ~/vagrant-k8s-kubeadm/cluster3/scripts
 4996  mkdir ~/vagrant-k8s-kubeadm/cluster3/certs
 4997  mv cluster3-harbor.local.* ~/vagrant-k8s-kubeadm/cluster3/certs
 4998  ls ~/vagrant-k8s-kubeadm/cluster3/certs
 4999  ping 192.168.13.12
 5000  sudo vi /etc/hosts
 5001  ls
 5002  tmux
 5003* cd workspace
 5004* ls -lrt
 5005* cat pod.yaml
 5006* rm pod.yaml
 5007* git clone https://github.com/grafpoo/vagrant-k8s-kubeadm
 5008* cd vagrant-k8s-kubeadm
 5009* code .
 5010  cd vagrant-k8s-kubeadm
 5011  ls 
 5012  history
